<?xml version="1.0" encoding="UTF-8"?>
<testsuite name="com.example.msaprac02.multiplication.controller.MultiplicationResultAttemptControllerTest" tests="3" skipped="0" failures="0" errors="0" timestamp="2023-09-26T14:55:26" hostname="DESKTOP-LTHCGDR" time="0.385">
  <properties/>
  <testcase name="getUserStats()" classname="com.example.msaprac02.multiplication.controller.MultiplicationResultAttemptControllerTest" time="0.293"/>
  <testcase name="[1] correct=true" classname="com.example.msaprac02.multiplication.controller.MultiplicationResultAttemptControllerTest" time="0.063"/>
  <testcase name="[2] correct=false" classname="com.example.msaprac02.multiplication.controller.MultiplicationResultAttemptControllerTest" time="0.009"/>
  <system-out><![CDATA[23:55:23.661 [Test worker] INFO org.springframework.test.context.support.AnnotationConfigContextLoaderUtils -- Could not detect default configuration classes for test class [com.example.msaprac02.multiplication.controller.MultiplicationResultAttemptControllerTest]: MultiplicationResultAttemptControllerTest does not declare any static, non-private, non-final, nested classes annotated with @Configuration.
23:55:23.785 [Test worker] INFO org.springframework.boot.test.context.SpringBootTestContextBootstrapper -- Found @SpringBootConfiguration com.example.msaprac02.Msaprac02Application for test class com.example.msaprac02.multiplication.controller.MultiplicationResultAttemptControllerTest

  .   ____          _            __ _ _
 /\\ / ___'_ __ _ _(_)_ __  __ _ \ \ \ \
( ( )\___ | '_ | '_| | '_ \/ _` | \ \ \ \
 \\/  ___)| |_)| | | | | || (_| |  ) ) ) )
  '  |____| .__|_| |_|_| |_\__, | / / / /
 =========|_|==============|___/=/_/_/_/
 :: Spring Boot ::                (v3.1.4)

2023-09-26T23:55:24.108+09:00  INFO 21444 --- [    Test worker] ultiplicationResultAttemptControllerTest : Starting MultiplicationResultAttemptControllerTest using Java 17.0.6 with PID 21444 (started by Keon Ryong Cheong in C:\workspace\back\msa\msaprac02)
2023-09-26T23:55:24.109+09:00  INFO 21444 --- [    Test worker] ultiplicationResultAttemptControllerTest : No active profile set, falling back to 1 default profile: "default"
2023-09-26T23:55:26.046+09:00  INFO 21444 --- [    Test worker] o.s.b.a.w.s.WelcomePageHandlerMapping    : Adding welcome page: class path resource [static/index.html]
2023-09-26T23:55:26.239+09:00  INFO 21444 --- [    Test worker] o.s.b.t.m.w.SpringBootMockServletContext : Initializing Spring TestDispatcherServlet ''
2023-09-26T23:55:26.240+09:00  INFO 21444 --- [    Test worker] o.s.t.web.servlet.TestDispatcherServlet  : Initializing Servlet ''
2023-09-26T23:55:26.247+09:00  INFO 21444 --- [    Test worker] o.s.t.web.servlet.TestDispatcherServlet  : Completed initialization in 2 ms
2023-09-26T23:55:26.290+09:00  INFO 21444 --- [    Test worker] ultiplicationResultAttemptControllerTest : Started MultiplicationResultAttemptControllerTest in 2.43 seconds (process running for 3.431)
]]></system-out>
  <system-err><![CDATA[]]></system-err>
</testsuite>
